2021-07-05 19:43:13,983  INFO [main] BaseClass:33 - ---- Docker headless---
 2021-07-05 19:43:13,989  INFO [main] BrowserSetUp:136 - Browser open Docker in headless mode @- chrome
 2021-07-05 19:43:52,569  INFO [main] BaseClass:57 - ----------BROWSER OPENED-----------
 2021-07-05 19:43:52,570  INFO [main] BaseClass:58 - ----------NEW TEST CASE-----------
 2021-07-05 19:43:52,572  INFO [main] BusHireTest:21 - Valid Test: When User check various offers from BusHire Page
 2021-07-05 19:43:55,944  INFO [main] BusHireTest:26 - Bus hire button clicked successfully!!
 2021-07-05 19:43:56,193  INFO [main] CommonAssertions:41 - Assertion Passes,  Actual: Bus Hire: Rent Volvo, AC buses, Mini Buses, Tempo Travellers & Innova Cars - Book Online,Expected: Bus Hire: Rent Volvo, AC buses, Mini Buses, Tempo Travellers & Innova Cars - Book Online
 2021-07-05 19:43:57,821  INFO [main] BusHireTest:41 - Driver is in new offers tab now
 2021-07-05 19:43:58,642  INFO [main] CommonAssertions:52 - Assertion Passes,  Actual: Bus Hire: Rent Volvo, AC buses, Mini Buses, Tempo Travellers & Innova Cars - Book Online,Expected: Bus Hire: Rent Volvo, AC buses, Mini Buses, Tempo Travellers & Innova Cars - Book Online
 2021-07-05 19:43:59,268  INFO [main] BusHireTest:46 - Successfully selects the offer
 2021-07-05 19:44:04,443  INFO [main] BusHireTest:56 - Back to Parent Driver
 2021-07-05 19:44:04,576  INFO [main] CommonAssertions:41 - Assertion Passes,  Actual: Bus Hire: Rent Volvo, AC buses, Mini Buses, Tempo Travellers & Innova Cars - Book Online,Expected: Bus Hire: Rent Volvo, AC buses, Mini Buses, Tempo Travellers & Innova Cars - Book Online
 2021-07-05 19:44:04,636  INFO [main] ExtentReport:50 - Report Generated
 2021-07-05 19:44:04,853  INFO [main] BaseClass:71 - ----------Browser Closed-----------
 2021-07-05 19:44:04,853  INFO [main] BaseClass:72 - -----------TEST RUN COMPLETED------------
 2021-07-05 19:44:04,857  INFO [main] BaseClass:33 - ---- Docker headless---
 2021-07-05 19:44:04,859  INFO [main] BrowserSetUp:136 - Browser open Docker in headless mode @- chrome
 2021-07-05 19:44:10,532  INFO [main] BaseClass:57 - ----------BROWSER OPENED-----------
 2021-07-05 19:44:10,533  INFO [main] BaseClass:58 - ----------NEW TEST CASE-----------
 2021-07-05 19:44:10,534  INFO [main] SearchTest:67 - Valid Test: When User enters the valid From Location and Invalid To Location 
 2021-07-05 19:44:13,207  INFO [main] SearchTest:73 - Bus Ticket Button clicked successfully!!
 2021-07-05 19:44:13,545  INFO [main] CommonAssertions:63 - Assertion Passes,  Actual: Online Bus Tickets Booking: Book Bus Ticket and Bus Reservation -redBus India,Expected: Online Bus Tickets Booking: Book Bus Ticket and Bus Reservation -redBus India
 2021-07-05 19:44:13,669  INFO [main] SearchTest:81 - {=, Execution Required=yes, From=Agra, To=Qwerty, TestCaseName=Invalid Test- Valid From and Invalid To Location, Date=7/30/21}
 2021-07-05 19:44:16,095  INFO [main] SearchTest:88 - from location successfully entered!!
 2021-07-05 19:44:17,876  INFO [main] SearchTest:92 - To location successfully entered!!
 2021-07-05 19:44:18,061  INFO [main] SearchTest:96 - Journey date successfully entered!!
 2021-07-05 19:44:18,230  INFO [main] SearchTest:100 - successfully clicked on search buses button!!
 2021-07-05 19:44:18,305  INFO [main] CommonAssertions:63 - Assertion Passes,  Actual: Online Bus Tickets Booking: Book Bus Ticket and Bus Reservation -redBus India,Expected: Online Bus Tickets Booking: Book Bus Ticket and Bus Reservation -redBus India
 2021-07-05 19:44:18,331  INFO [main] SearchTest:104 - user is unable to search due to wrong From Location!!
 2021-07-05 19:44:23,343  INFO [main] ExtentReport:50 - Report Generated
 2021-07-05 19:44:23,494  INFO [main] BaseClass:71 - ----------Browser Closed-----------
 2021-07-05 19:44:23,494  INFO [main] BaseClass:72 - -----------TEST RUN COMPLETED------------
 2021-07-05 19:44:23,497  INFO [main] BaseClass:33 - ---- Docker headless---
 2021-07-05 19:44:23,499  INFO [main] BrowserSetUp:136 - Browser open Docker in headless mode @- chrome
 2021-07-05 19:44:33,354  INFO [main] BaseClass:57 - ----------BROWSER OPENED-----------
 2021-07-05 19:44:33,354  INFO [main] BaseClass:58 - ----------NEW TEST CASE-----------
 2021-07-05 19:44:33,356  INFO [main] SearchTest:113 - Valid Test: When User enters the valid From Location and Invalid To Location 
 2021-07-05 19:44:35,922  INFO [main] SearchTest:119 - Bus Ticket Button clicked successfully!!
 2021-07-05 19:44:36,340  INFO [main] CommonAssertions:63 - Assertion Passes,  Actual: Online Bus Tickets Booking: Book Bus Ticket and Bus Reservation -redBus India,Expected: Online Bus Tickets Booking: Book Bus Ticket and Bus Reservation -redBus India
 2021-07-05 19:44:36,484  INFO [main] SearchTest:127 - {=, Execution Required=yes, From=qwerty123, To=Agra, TestCaseName=Invalid Test- Invalid From and Valid To Location, Date=7/30/21}
 2021-07-05 19:44:39,080  INFO [main] SearchTest:134 - from location successfully entered!!
 2021-07-05 19:44:40,824  INFO [main] SearchTest:138 - To location successfully entered!!
 2021-07-05 19:44:40,981  INFO [main] SearchTest:142 - Journey date successfully entered!!
 2021-07-05 19:44:41,200  INFO [main] SearchTest:146 - successfully clicked on search buses button!!
 2021-07-05 19:44:41,307  INFO [main] CommonAssertions:63 - Assertion Passes,  Actual: Online Bus Tickets Booking: Book Bus Ticket and Bus Reservation -redBus India,Expected: Online Bus Tickets Booking: Book Bus Ticket and Bus Reservation -redBus India
 2021-07-05 19:44:41,329  INFO [main] SearchTest:150 - user is unable to search due to wrong To Location!!
 2021-07-05 19:44:41,331  INFO [main] ExtentReport:50 - Report Generated
 2021-07-05 19:44:41,430  INFO [main] BaseClass:71 - ----------Browser Closed-----------
 2021-07-05 19:44:41,431  INFO [main] BaseClass:72 - -----------TEST RUN COMPLETED------------
 2021-07-05 19:44:41,432  INFO [main] BaseClass:33 - ---- Docker headless---
 2021-07-05 19:44:41,432  INFO [main] BrowserSetUp:136 - Browser open Docker in headless mode @- chrome
 2021-07-05 19:44:48,101  INFO [main] BaseClass:57 - ----------BROWSER OPENED-----------
 2021-07-05 19:44:48,102  INFO [main] BaseClass:58 - ----------NEW TEST CASE-----------
 2021-07-05 19:44:48,103  INFO [main] SearchTest:159 - Valid Test: When User wants to modify search buses 
 2021-07-05 19:44:51,441  INFO [main] SearchTest:164 - Bus Ticket Button clicked successfully!!
 2021-07-05 19:44:51,579  INFO [main] CommonAssertions:63 - Assertion Passes,  Actual: Online Bus Tickets Booking: Book Bus Ticket and Bus Reservation -redBus India,Expected: Online Bus Tickets Booking: Book Bus Ticket and Bus Reservation -redBus India
 2021-07-05 19:44:51,607  INFO [main] SearchTest:172 - {=, Execution Required=yes, From=Noida, To=Ghaziabad, TestCaseName=Valid Test- For Modify Bus route, Date=7/30/21}
 2021-07-05 19:44:53,455  INFO [main] SearchTest:179 - from location successfully entered!!
 2021-07-05 19:44:55,177  INFO [main] SearchTest:183 - To location successfully entered!!
 2021-07-05 19:44:55,371  INFO [main] SearchTest:187 - Journey date successfully entered!!
 2021-07-05 19:44:57,857  INFO [main] SearchTest:191 - successfully clicked on search buses button!!
 2021-07-05 19:44:57,944  INFO [main] CommonAssertions:85 - Assertion Passes,  Actual: Search Bus Tickets,Expected: Search Bus Tickets
 2021-07-05 19:44:58,253  INFO [main] SearchTest:198 - successfully clicked on modify buses button!!
 2021-07-05 19:44:58,655  INFO [main] SearchTest:202 - successfully clicked on switch route button!!
 2021-07-05 19:44:58,928  INFO [main] SearchTest:206 - Again successfully clicked on search buses button!!
 2021-07-05 19:44:58,930  INFO [main] ExtentReport:50 - Report Generated
 2021-07-05 19:44:59,090  INFO [main] BaseClass:71 - ----------Browser Closed-----------
 2021-07-05 19:44:59,090  INFO [main] BaseClass:72 - -----------TEST RUN COMPLETED------------
 2021-07-05 19:44:59,092  INFO [main] BaseClass:33 - ---- Docker headless---
 2021-07-05 19:44:59,092  INFO [main] BrowserSetUp:136 - Browser open Docker in headless mode @- chrome
 2021-07-05 19:45:08,666  INFO [main] BaseClass:57 - ----------BROWSER OPENED-----------
 2021-07-05 19:45:08,667  INFO [main] BaseClass:58 - ----------NEW TEST CASE-----------
 2021-07-05 19:45:08,668  INFO [main] SearchTest:24 - Valid Test: When User wants to search buses 
 2021-07-05 19:45:11,497  INFO [main] SearchTest:29 - Bus Ticket Button clicked successfully!!
 2021-07-05 19:45:12,035  INFO [main] CommonAssertions:63 - Assertion Passes,  Actual: Online Bus Tickets Booking: Book Bus Ticket and Bus Reservation -redBus India,Expected: Online Bus Tickets Booking: Book Bus Ticket and Bus Reservation -redBus India
 2021-07-05 19:45:12,187  INFO [main] SearchTest:37 - {=, Execution Required=yes, From=Delhi, To=Jaipur, TestCaseName=Valid Test- Valid From and Valid To Location, Date=7/30/21}
 2021-07-05 19:45:14,570  INFO [main] SearchTest:44 - from location successfully entered!!
 2021-07-05 19:45:16,280  INFO [main] SearchTest:48 - To location successfully entered!!
 2021-07-05 19:45:16,450  INFO [main] SearchTest:52 - Journey date successfully entered!!
 2021-07-05 19:45:17,838  INFO [main] SearchTest:56 - successfully clicked on search buses button!!
 2021-07-05 19:45:22,913  INFO [main] CommonAssertions:85 - Assertion Passes,  Actual: Search Bus Tickets,Expected: Search Bus Tickets
 2021-07-05 19:45:22,959  INFO [main] ExtentReport:50 - Report Generated
 2021-07-05 19:45:23,111  INFO [main] BaseClass:71 - ----------Browser Closed-----------
 2021-07-05 19:45:23,112  INFO [main] BaseClass:72 - -----------TEST RUN COMPLETED------------
 2021-07-05 19:45:23,114  INFO [main] BaseClass:33 - ---- Docker headless---
 2021-07-05 19:45:23,114  INFO [main] BrowserSetUp:136 - Browser open Docker in headless mode @- chrome
 2021-07-05 19:45:29,166  INFO [main] BaseClass:57 - ----------BROWSER OPENED-----------
 2021-07-05 19:45:29,166  INFO [main] BaseClass:58 - ----------NEW TEST CASE-----------
 2021-07-05 19:45:29,168  INFO [main] SearchTest:214 - Valid Test: When User wants to filter the departure time of search bus 
 2021-07-05 19:45:32,797  INFO [main] CommonTestCase:21 - Bus Ticket Button clicked successfully!!
 2021-07-05 19:45:32,962  INFO [main] CommonAssertions:63 - Assertion Passes,  Actual: Online Bus Tickets Booking: Book Bus Ticket and Bus Reservation -redBus India,Expected: Online Bus Tickets Booking: Book Bus Ticket and Bus Reservation -redBus India
 2021-07-05 19:45:33,050  INFO [main] CommonTestCase:29 - {=, Execution Required=yes, From=Delhi, To=Jaipur, TestCaseName=Valid Test- Valid From and Valid To Location, Date=7/30/21}
 2021-07-05 19:45:34,739  INFO [main] CommonTestCase:36 - from location successfully entered!!
 2021-07-05 19:45:36,475  INFO [main] CommonTestCase:40 - To location successfully entered!!
 2021-07-05 19:45:36,694  INFO [main] CommonTestCase:44 - Journey date successfully entered!!
 2021-07-05 19:45:39,783  INFO [main] CommonTestCase:48 - successfully clicked on search buses button!!
 2021-07-05 19:45:39,876  INFO [main] CommonAssertions:85 - Assertion Passes,  Actual: Search Bus Tickets,Expected: Search Bus Tickets
 2021-07-05 19:45:40,402  INFO [main] SearchTest:220 - Successfully filter the departure time 
 2021-07-05 19:45:40,503  INFO [main] CommonAssertions:85 - Assertion Passes,  Actual: Search Bus Tickets,Expected: Search Bus Tickets
 2021-07-05 19:45:40,548  INFO [main] ExtentReport:50 - Report Generated
 2021-07-05 19:45:40,660  INFO [main] BaseClass:71 - ----------Browser Closed-----------
 2021-07-05 19:45:40,661  INFO [main] BaseClass:72 - -----------TEST RUN COMPLETED------------
 2021-07-05 19:45:40,662  INFO [main] BaseClass:33 - ---- Docker headless---
 2021-07-05 19:45:40,663  INFO [main] BrowserSetUp:136 - Browser open Docker in headless mode @- chrome
 2021-07-05 19:45:49,561  INFO [main] BaseClass:57 - ----------BROWSER OPENED-----------
 2021-07-05 19:45:49,562  INFO [main] BaseClass:58 - ----------NEW TEST CASE-----------
 2021-07-05 19:45:49,563  INFO [main] SearchTest:233 - Valid Test: When User wants to check the availability of seat after searching the Bus
 2021-07-05 19:45:52,171  INFO [main] CommonTestCase:21 - Bus Ticket Button clicked successfully!!
 2021-07-05 19:45:52,509  INFO [main] CommonAssertions:63 - Assertion Passes,  Actual: Online Bus Tickets Booking: Book Bus Ticket and Bus Reservation -redBus India,Expected: Online Bus Tickets Booking: Book Bus Ticket and Bus Reservation -redBus India
 2021-07-05 19:45:52,638  INFO [main] CommonTestCase:29 - {=, Execution Required=yes, From=Delhi, To=Jaipur, TestCaseName=Valid Test- Valid From and Valid To Location, Date=7/30/21}
 2021-07-05 19:45:54,865  INFO [main] CommonTestCase:36 - from location successfully entered!!
 2021-07-05 19:45:56,608  INFO [main] CommonTestCase:40 - To location successfully entered!!
 2021-07-05 19:45:56,800  INFO [main] CommonTestCase:44 - Journey date successfully entered!!
 2021-07-05 19:45:59,706  INFO [main] CommonTestCase:48 - successfully clicked on search buses button!!
 2021-07-05 19:45:59,783  INFO [main] CommonAssertions:85 - Assertion Passes,  Actual: Search Bus Tickets,Expected: Search Bus Tickets
 2021-07-05 19:46:00,586  INFO [main] SearchTest:245 - Successfully clicked the view Seats button 
 2021-07-05 19:46:02,064  INFO [main] SearchTest:249 - Successfully selects the seat price 
 2021-07-05 19:46:02,424  INFO [main] SearchTest:256 - Assertion Passes,  Actual: SEAT LEGEND,Expected: SEAT LEGEND
 2021-07-05 19:46:02,488  INFO [main] CommonAssertions:85 - Assertion Passes,  Actual: Search Bus Tickets,Expected: Search Bus Tickets
 2021-07-05 19:46:02,516  INFO [main] ExtentReport:50 - Report Generated
 2021-07-05 19:46:02,635  INFO [main] BaseClass:71 - ----------Browser Closed-----------
 2021-07-05 19:46:02,637  INFO [main] BaseClass:72 - -----------TEST RUN COMPLETED------------
 2021-07-05 19:46:02,640  INFO [main] BaseClass:33 - ---- Docker headless---
 2021-07-05 19:46:02,641  INFO [main] BrowserSetUp:136 - Browser open Docker in headless mode @- chrome
 2021-07-05 19:46:09,999  INFO [main] BaseClass:57 - ----------BROWSER OPENED-----------
 2021-07-05 19:46:09,999  INFO [main] BaseClass:58 - ----------NEW TEST CASE-----------
 2021-07-05 19:46:10,000  INFO [main] BusTicketTest:32 - Valid Test: When User click on Cancel Ticket 
 2021-07-05 19:46:13,545  INFO [main] BusTicketTest:37 - Bus Ticket Button clicked successfully!!
 2021-07-05 19:46:13,801  INFO [main] BusTicketTest:44 - Assertion Passes,  Actual: Online Bus Tickets Booking: Book Bus Ticket and Bus Reservation -redBus India,Expected: Online Bus Tickets Booking: Book Bus Ticket and Bus Reservation -redBus India
 2021-07-05 19:46:14,629  INFO [main] BusTicketTest:47 - Cancel Ticket Button clicked successfully!!
 2021-07-05 19:46:14,722  INFO [main] BusTicketTest:54 - Assertion Passes,  Actual: Cancel Ticket - redBus,Expected: Cancel Ticket - redBus
 2021-07-05 19:46:14,724  INFO [main] ExtentReport:50 - Report Generated
 2021-07-05 19:46:14,846  INFO [main] BaseClass:71 - ----------Browser Closed-----------
 2021-07-05 19:46:14,847  INFO [main] BaseClass:72 - -----------TEST RUN COMPLETED------------
 2021-07-05 19:46:14,848  INFO [main] BaseClass:33 - ---- Docker headless---
 2021-07-05 19:46:14,848  INFO [main] BrowserSetUp:136 - Browser open Docker in headless mode @- chrome
 2021-07-05 19:46:20,033  INFO [main] BaseClass:57 - ----------BROWSER OPENED-----------
 2021-07-05 19:46:20,034  INFO [main] BaseClass:58 - ----------NEW TEST CASE-----------
 2021-07-05 19:46:20,034  INFO [main] BusTicketTest:60 - Valid Test: When User click on Print/SMS Ticket 
 2021-07-05 19:46:23,124  INFO [main] BusTicketTest:65 - Bus Ticket Button clicked successfully!!
 2021-07-05 19:46:23,484  INFO [main] BusTicketTest:72 - Assertion Passes,  Actual: Online Bus Tickets Booking: Book Bus Ticket and Bus Reservation -redBus India,Expected: Online Bus Tickets Booking: Book Bus Ticket and Bus Reservation -redBus India
 2021-07-05 19:46:24,709  INFO [main] BusTicketTest:75 - Print/SMS Ticket Button clicked successfully!!
 2021-07-05 19:46:24,843  INFO [main] BusTicketTest:82 - Assertion Passes,  Actual: PRINT TICKET,Expected: PRINT TICKET
 2021-07-05 19:46:24,844  INFO [main] ExtentReport:50 - Report Generated
 2021-07-05 19:46:24,962  INFO [main] BaseClass:71 - ----------Browser Closed-----------
 2021-07-05 19:46:24,963  INFO [main] BaseClass:72 - -----------TEST RUN COMPLETED------------
 2021-07-05 19:46:24,965  INFO [main] BaseClass:33 - ---- Docker headless---
 2021-07-05 19:46:24,965  INFO [main] BrowserSetUp:136 - Browser open Docker in headless mode @- chrome
 2021-07-05 19:46:30,005  INFO [main] BaseClass:57 - ----------BROWSER OPENED-----------
 2021-07-05 19:46:30,006  INFO [main] BaseClass:58 - ----------NEW TEST CASE-----------
 2021-07-05 19:46:30,006  INFO [main] HomePageTest:148 - Invalid Test: When User wants to download the redbus app by sending the link msg on wrong phone number 
 2021-07-05 19:46:30,038  INFO [main] HomePageTest:159 - {=, Execution Required=yes, Amount=, TestCaseName=Invalid Scenario -User send the download link on phone by entering wrong number, Phone Number=9.8979898E7}
 2021-07-05 19:46:30,530  INFO [main] HomePageTest:168 - 9.8979898E7entered
 2021-07-05 19:46:30,746  INFO [main] HomePageTest:173 - successfully clicked on send link button!!
 2021-07-05 19:46:31,075  INFO [main] HomePageTest:180 - Assertion Passes,  Actual: Invalid Mobile No,Expected: Invalid Mobile No
 2021-07-05 19:46:31,076  INFO [main] ExtentReport:50 - Report Generated
 2021-07-05 19:46:31,205  INFO [main] BaseClass:71 - ----------Browser Closed-----------
 2021-07-05 19:46:31,205  INFO [main] BaseClass:72 - -----------TEST RUN COMPLETED------------
 2021-07-05 19:46:31,208  INFO [main] BaseClass:33 - ---- Docker headless---
 2021-07-05 19:46:31,208  INFO [main] BrowserSetUp:136 - Browser open Docker in headless mode @- chrome
 2021-07-05 19:46:40,630  INFO [main] BaseClass:57 - ----------BROWSER OPENED-----------
 2021-07-05 19:46:40,631  INFO [main] BaseClass:58 - ----------NEW TEST CASE-----------
 2021-07-05 19:46:40,632  INFO [main] HomePageTest:191 - Invalid Test: When User wants to download the redbus app by sending the link msg on phone without providing phone no. 
 2021-07-05 19:46:40,932  INFO [main] HomePageTest:202 - successfully clicked on send link button!!
 2021-07-05 19:46:41,254  INFO [main] HomePageTest:209 - Assertion Passes,  Actual: Enter the mobile number,Expected: Enter the mobile number
 2021-07-05 19:46:41,255  INFO [main] ExtentReport:50 - Report Generated
 2021-07-05 19:46:41,347  INFO [main] BaseClass:71 - ----------Browser Closed-----------
 2021-07-05 19:46:41,348  INFO [main] BaseClass:72 - -----------TEST RUN COMPLETED------------
 2021-07-05 19:46:41,348  INFO [main] BaseClass:33 - ---- Docker headless---
 2021-07-05 19:46:41,349  INFO [main] BrowserSetUp:136 - Browser open Docker in headless mode @- chrome
 2021-07-05 19:46:43,944  INFO [main] BaseClass:57 - ----------BROWSER OPENED-----------
 2021-07-05 19:46:43,944  INFO [main] BaseClass:58 - ----------NEW TEST CASE-----------
 2021-07-05 19:46:43,946  INFO [main] HomePageTest:29 - Valid Test: When User navigates to rbuscare page to donation 
 2021-07-05 19:46:44,625  INFO [main] HomePageTest:34 - RBus Care clicked successfully!!
 2021-07-05 19:46:44,691  INFO [main] HomePageTest:42 - Driver is in new tab now
 2021-07-05 19:46:46,074  INFO [main] CommonAssertions:30 - Assertion Passes,  Actual: redBus Cares - Supporting Bus drivers and helpers,Expected: redBus Cares - Supporting Bus drivers and helpers
 2021-07-05 19:46:46,411  INFO [main] HomePageTest:49 - Successfully selects the amount of donation!!
 2021-07-05 19:46:46,778  INFO [main] HomePageTest:53 - Successfully selects the mode of donation!!
 2021-07-05 19:46:47,061  INFO [main] HomePageTest:57 - Successfully clicks the donate button!!
 2021-07-05 19:46:47,305  INFO [main] HomePageTest:64 - Assertion Passes,  Actual: Select a payment option,Expected: Select a payment option
 2021-07-05 19:46:47,387  INFO [main] HomePageTest:73 - Back to Parent Driver
 2021-07-05 19:46:47,427  INFO [main] CommonAssertions:19 - Assertion Passes,  Actual: Book Bus Travels, AC Volvo Bus, rPool & Bus Hire - redBus India,Expected: Book Bus Travels, AC Volvo Bus, rPool & Bus Hire - redBus India
 2021-07-05 19:46:47,446  INFO [main] HomePageTest:77 - User Comes back to old tab
 2021-07-05 19:46:47,447  INFO [main] ExtentReport:50 - Report Generated
 2021-07-05 19:46:47,534  INFO [main] BaseClass:71 - ----------Browser Closed-----------
 2021-07-05 19:46:47,534  INFO [main] BaseClass:72 - -----------TEST RUN COMPLETED------------
 2021-07-05 19:46:47,535  INFO [main] BaseClass:33 - ---- Docker headless---
 2021-07-05 19:46:47,535  INFO [main] BrowserSetUp:136 - Browser open Docker in headless mode @- chrome
 2021-07-05 19:46:56,148  INFO [main] BaseClass:57 - ----------BROWSER OPENED-----------
 2021-07-05 19:46:56,149  INFO [main] BaseClass:58 - ----------NEW TEST CASE-----------
 2021-07-05 19:46:56,149  INFO [main] HomePageTest:220 - Valid Test: When User navigates to Payment Gateway for donation 
 2021-07-05 19:46:56,164  INFO [main] HomePageTest:228 - {=, Execution Required=yes, Amount=700.0, TestCaseName=To enter the amount for donation, Phone Number=}
 2021-07-05 19:46:56,479  INFO [main] HomePageTest:234 - RBus Care clicked successfully!!
 2021-07-05 19:46:56,559  INFO [main] HomePageTest:242 - Driver is in new tab now
 2021-07-05 19:46:57,996  INFO [main] CommonAssertions:30 - Assertion Passes,  Actual: redBus Cares - Supporting Bus drivers and helpers,Expected: redBus Cares - Supporting Bus drivers and helpers
 2021-07-05 19:46:58,405  INFO [main] HomePageTest:249 - Successfully enters the amount of donation!!
 2021-07-05 19:46:58,711  INFO [main] HomePageTest:253 - Successfully selects the mode of donation!!
 2021-07-05 19:46:59,024  INFO [main] HomePageTest:257 - Successfully clicks the donate button!!
 2021-07-05 19:46:59,248  INFO [main] HomePageTest:264 - Assertion Passes,  Actual: Select a payment option,Expected: Select a payment option
 2021-07-05 19:46:59,566  INFO [main] HomePageTest:269 - User successfully navigated to payment gateway
 2021-07-05 19:46:59,864  INFO [main] HomePageTest:273 - User successfully selects the bank
 2021-07-05 19:47:00,208  INFO [main] HomePageTest:280 - User successfully click the Pay now button
 2021-07-05 19:47:07,264  INFO [main] CommonAssertions:108 - Assertion Passes,  Actual: Log in to Internet Banking,Expected: Log in to Internet Banking
 2021-07-05 19:47:07,404  INFO [main] HomePageTest:289 - Back to Parent Driver
 2021-07-05 19:47:07,442  INFO [main] CommonAssertions:19 - Assertion Passes,  Actual: Book Bus Travels, AC Volvo Bus, rPool & Bus Hire - redBus India,Expected: Book Bus Travels, AC Volvo Bus, rPool & Bus Hire - redBus India
 2021-07-05 19:47:07,457  INFO [main] HomePageTest:293 - User Comes back to old tab
 2021-07-05 19:47:07,458  INFO [main] ExtentReport:50 - Report Generated
 2021-07-05 19:47:07,575  INFO [main] BaseClass:71 - ----------Browser Closed-----------
 2021-07-05 19:47:07,576  INFO [main] BaseClass:72 - -----------TEST RUN COMPLETED------------
 2021-07-05 19:47:07,577  INFO [main] BaseClass:33 - ---- Docker headless---
 2021-07-05 19:47:07,578  INFO [main] BrowserSetUp:136 - Browser open Docker in headless mode @- chrome
 2021-07-05 19:47:16,393  INFO [main] BaseClass:57 - ----------BROWSER OPENED-----------
 2021-07-05 19:47:16,394  INFO [main] BaseClass:58 - ----------NEW TEST CASE-----------
 2021-07-05 19:47:16,394  INFO [main] HomePageTest:83 - Valid Test: When User navigates to rbuscare page to for Custom donation 
 2021-07-05 19:47:16,410  INFO [main] HomePageTest:91 - {=, Execution Required=yes, Amount=700.0, TestCaseName=To enter the amount for donation, Phone Number=}
 2021-07-05 19:47:16,694  INFO [main] HomePageTest:97 - RBus Care clicked successfully!!
 2021-07-05 19:47:16,771  INFO [main] HomePageTest:105 - Driver is in new tab now
 2021-07-05 19:47:18,288  INFO [main] CommonAssertions:30 - Assertion Passes,  Actual: redBus Cares - Supporting Bus drivers and helpers,Expected: redBus Cares - Supporting Bus drivers and helpers
 2021-07-05 19:47:18,692  INFO [main] HomePageTest:112 - Successfully enters the amount of donation!!
 2021-07-05 19:47:19,026  INFO [main] HomePageTest:116 - Successfully selects the mode of donation!!
 2021-07-05 19:47:19,354  INFO [main] HomePageTest:120 - Successfully clicks the donate button!!
 2021-07-05 19:47:19,354  INFO [main] HomePageTest:123 - User successfully navigated to payment gateway
 2021-07-05 19:47:19,565  INFO [main] HomePageTest:129 - Assertion Passes,  Actual: Select a payment option,Expected: Select a payment option
 2021-07-05 19:47:19,623  INFO [main] HomePageTest:138 - Back to Parent Driver
 2021-07-05 19:47:19,657  INFO [main] CommonAssertions:19 - Assertion Passes,  Actual: Book Bus Travels, AC Volvo Bus, rPool & Bus Hire - redBus India,Expected: Book Bus Travels, AC Volvo Bus, rPool & Bus Hire - redBus India
 2021-07-05 19:47:19,673  INFO [main] HomePageTest:142 - User Comes back to old tab
 2021-07-05 19:47:19,675  INFO [main] ExtentReport:50 - Report Generated
 2021-07-05 19:47:19,771  INFO [main] BaseClass:71 - ----------Browser Closed-----------
 2021-07-05 19:47:19,772  INFO [main] BaseClass:72 - -----------TEST RUN COMPLETED------------
 2021-07-05 19:47:19,773  INFO [main] BaseClass:33 - ---- Docker headless---
 2021-07-05 19:47:19,774  INFO [main] BrowserSetUp:136 - Browser open Docker in headless mode @- chrome
 2021-07-05 19:47:25,615  INFO [main] BaseClass:57 - ----------BROWSER OPENED-----------
 2021-07-05 19:47:25,616  INFO [main] BaseClass:58 - ----------NEW TEST CASE-----------
 2021-07-05 19:47:25,616  INFO [main] LoginTest:36 - Valid Test: When User login by entering the wrong phonenumber
 2021-07-05 19:47:25,841  INFO [main] LoginTest:44 - Login Icon Clicked sucessfully!!
 2021-07-05 19:47:26,063  INFO [main] LoginTest:49 - SignIn Clicked sucessfully!!
 2021-07-05 19:47:27,337  INFO [main] LoginTest:57 - {=, Execution Required=yes, TestCaseName=Invalid Scenario- Wrong phone number, Phone Number=9898.0, UserEmail=, Password=}
 2021-07-05 19:47:28,482  INFO [main] LoginTest:65 - Error msg occured
 2021-07-05 19:47:28,578  INFO [main] LoginTest:70 - Assertion Passes,  Actual: Please enter valid mobile number,Expected: Please enter valid mobile number
 2021-07-05 19:47:28,579  INFO [main] ExtentReport:50 - Report Generated
 2021-07-05 19:47:28,678  INFO [main] BaseClass:71 - ----------Browser Closed-----------
 2021-07-05 19:47:28,679  INFO [main] BaseClass:72 - -----------TEST RUN COMPLETED------------
 2021-07-05 19:47:28,681  INFO [main] BaseClass:33 - ---- Docker headless---
 2021-07-05 19:47:28,682  INFO [main] BrowserSetUp:136 - Browser open Docker in headless mode @- chrome
 2021-07-05 19:47:36,405  INFO [main] BaseClass:57 - ----------BROWSER OPENED-----------
 2021-07-05 19:47:36,406  INFO [main] BaseClass:58 - ----------NEW TEST CASE-----------
 2021-07-05 19:47:36,406  INFO [main] TicketDetailsTest:74 - Invalid Test: To get the E-ticket by entering valid Ticket number and invalid email 
 2021-07-05 19:47:36,416  INFO [main] TicketDetailsTest:81 - {=, Execution Required=yes, Ticket Number=TQ5F93767774, TestCaseName=Invalid Scenario- Valid Ticket Number And invalid email, Email Used For Booking=samiksha@gmail.com}
 2021-07-05 19:47:36,940  INFO [main] TicketDetailsTest:89 - Successfully clicked on Manage Booking Button.
 2021-07-05 19:47:38,389  INFO [main] TicketDetailsTest:93 - Successfully clicked on Show My Ticket Option.
 2021-07-05 19:47:38,525  INFO [main] TicketDetailsTest:100 - Assertion Passes,  Actual: PRINT TICKET,Expected: PRINT TICKET
 2021-07-05 19:47:38,776  INFO [main] TicketDetailsTest:104 - Ticket Number entered is- TQ5F93767774
 2021-07-05 19:47:39,013  INFO [main] TicketDetailsTest:108 - Email used for booking is- samiksha@gmail.com
 2021-07-05 19:47:40,468  INFO [main] TicketDetailsTest:112 - Successfully clicked on Search Ticket Button.
 2021-07-05 19:47:40,595  INFO [main] TicketDetailsTest:119 - Assertion Passes,  Actual: Oops. Looks like you used the incorrect Email ID. Please enter the Email ID which was used during ticket booking,Expected: Oops. Looks like you used the incorrect Email ID. Please enter the Email ID which was used during ticket booking
 2021-07-05 19:47:40,598  INFO [main] ExtentReport:50 - Report Generated
 2021-07-05 19:47:40,705  INFO [main] BaseClass:71 - ----------Browser Closed-----------
 2021-07-05 19:47:40,706  INFO [main] BaseClass:72 - -----------TEST RUN COMPLETED------------
 2021-07-05 19:47:40,708  INFO [main] BaseClass:33 - ---- Docker headless---
 2021-07-05 19:47:40,709  INFO [main] BrowserSetUp:136 - Browser open Docker in headless mode @- chrome
 2021-07-05 19:47:46,627  INFO [main] BaseClass:57 - ----------BROWSER OPENED-----------
 2021-07-05 19:47:46,628  INFO [main] BaseClass:58 - ----------NEW TEST CASE-----------
 2021-07-05 19:47:46,628  INFO [main] TicketDetailsTest:128 - Invalid Test: To get the E-ticket by entering valid Ticket number and invalid email 
 2021-07-05 19:47:46,631  INFO [main] TicketDetailsTest:135 - {=, Execution Required=yes, Ticket Number=P98987654, TestCaseName=Invalid Scenario- invalid Ticket Number And valid email, Email Used For Booking=aa15pandey@gmail.com}
 2021-07-05 19:47:47,205  INFO [main] TicketDetailsTest:143 - Successfully clicked on Manage Booking Button.
 2021-07-05 19:47:48,532  INFO [main] TicketDetailsTest:147 - Successfully clicked on Show My Ticket Option.
 2021-07-05 19:47:48,674  INFO [main] TicketDetailsTest:154 - Assertion Passes,  Actual: PRINT TICKET,Expected: PRINT TICKET
 2021-07-05 19:47:48,898  INFO [main] TicketDetailsTest:158 - Ticket Number entered is- P98987654
 2021-07-05 19:47:49,156  INFO [main] TicketDetailsTest:162 - Email used for booking is- aa15pandey@gmail.com
 2021-07-05 19:47:50,586  INFO [main] TicketDetailsTest:166 - Successfully clicked on Search Ticket Button.
 2021-07-05 19:47:50,731  INFO [main] TicketDetailsTest:173 - Assertion Passes,  Actual: Something went wrong, please try again later!,Expected: Something went wrong, please try again later!
 2021-07-05 19:47:50,732  INFO [main] ExtentReport:50 - Report Generated
 2021-07-05 19:47:50,818  INFO [main] BaseClass:71 - ----------Browser Closed-----------
 2021-07-05 19:47:50,819  INFO [main] BaseClass:72 - -----------TEST RUN COMPLETED------------
 2021-07-05 19:47:50,820  INFO [main] BaseClass:33 - ---- Docker headless---
 2021-07-05 19:47:50,820  INFO [main] BrowserSetUp:136 - Browser open Docker in headless mode @- chrome
 2021-07-05 19:47:58,214  INFO [main] BaseClass:57 - ----------BROWSER OPENED-----------
 2021-07-05 19:47:58,215  INFO [main] BaseClass:58 - ----------NEW TEST CASE-----------
 2021-07-05 19:47:58,216  INFO [main] TicketDetailsTest:182 - Invalid Test: To get the E-ticket by entering invalid Ticket number and invalid email 
 2021-07-05 19:47:58,219  INFO [main] TicketDetailsTest:189 - {=, Execution Required=yes, Ticket Number=P98987654, TestCaseName=Invalid Scenario- invalid Ticket Number And invalid email, Email Used For Booking=samiksha@gmail.com}
 2021-07-05 19:47:58,445  INFO [main] TicketDetailsTest:197 - Successfully clicked on Manage Booking Button.
 2021-07-05 19:47:59,611  INFO [main] TicketDetailsTest:201 - Successfully clicked on Show My Ticket Option.
 2021-07-05 19:47:59,772  INFO [main] TicketDetailsTest:208 - Assertion Passes,  Actual: PRINT TICKET,Expected: PRINT TICKET
 2021-07-05 19:47:59,998  INFO [main] TicketDetailsTest:212 - Ticket Number entered is- P98987654
 2021-07-05 19:48:00,312  INFO [main] TicketDetailsTest:216 - Email used for booking is- samiksha@gmail.com
 2021-07-05 19:48:01,454  INFO [main] TicketDetailsTest:220 - Successfully clicked on Search Ticket Button.
 2021-07-05 19:48:01,662  INFO [main] TicketDetailsTest:227 - Assertion Passes,  Actual: Something went wrong, please try again later!,Expected: Something went wrong, please try again later!
 2021-07-05 19:48:01,664  INFO [main] ExtentReport:50 - Report Generated
 2021-07-05 19:48:01,772  INFO [main] BaseClass:71 - ----------Browser Closed-----------
 2021-07-05 19:48:01,774  INFO [main] BaseClass:72 - -----------TEST RUN COMPLETED------------
 2021-07-05 19:48:01,775  INFO [main] BaseClass:33 - ---- Docker headless---
 2021-07-05 19:48:01,776  INFO [main] BrowserSetUp:136 - Browser open Docker in headless mode @- chrome
 2021-07-05 19:48:07,586  INFO [main] BaseClass:57 - ----------BROWSER OPENED-----------
 2021-07-05 19:48:07,587  INFO [main] BaseClass:58 - ----------NEW TEST CASE-----------
 2021-07-05 19:48:07,588  INFO [main] TicketDetailsTest:21 - Valid Test: When User wants to get the eTicket of booked journey 
 2021-07-05 19:48:07,591  INFO [main] TicketDetailsTest:28 - {=, Execution Required=yes, Ticket Number=TQ5F93767774, TestCaseName=Valid Scenario- valid ticket number and email, Email Used For Booking=aa15pandey@gmail.com}
 2021-07-05 19:48:07,889  INFO [main] TicketDetailsTest:36 - Successfully clicked on Manage Booking Button.
 2021-07-05 19:48:08,852  INFO [main] TicketDetailsTest:40 - Successfully clicked on Show My Ticket Option.
 2021-07-05 19:48:09,123  INFO [main] TicketDetailsTest:47 - Assertion Passes,  Actual: PRINT TICKET,Expected: PRINT TICKET
 2021-07-05 19:48:09,377  INFO [main] TicketDetailsTest:51 - Ticket Number entered is- TQ5F93767774
 2021-07-05 19:48:09,662  INFO [main] TicketDetailsTest:55 - Email used for booking is- aa15pandey@gmail.com
 2021-07-05 19:48:11,106  INFO [main] TicketDetailsTest:59 - Successfully clicked on Search Ticket Button.
 2021-07-05 19:48:11,268  INFO [main] TicketDetailsTest:66 - Assertion Passes,  Actual: eTICKET,Expected: eTICKET
 2021-07-05 19:48:11,270  INFO [main] ExtentReport:50 - Report Generated
 2021-07-05 19:48:11,381  INFO [main] BaseClass:71 - ----------Browser Closed-----------
 2021-07-05 19:48:11,382  INFO [main] BaseClass:72 - -----------TEST RUN COMPLETED------------
 2021-07-05 19:48:11,384  INFO [main] BaseClass:33 - ---- Docker headless---
 2021-07-05 19:48:11,384  INFO [main] BrowserSetUp:136 - Browser open Docker in headless mode @- chrome
 2021-07-05 19:48:19,465  INFO [main] BaseClass:57 - ----------BROWSER OPENED-----------
 2021-07-05 19:48:19,465  INFO [main] BaseClass:58 - ----------NEW TEST CASE-----------
 2021-07-05 19:48:19,466  INFO [main] NavBarTest:33 - Valid Test: When User click on BusHire on Nav Bar
 2021-07-05 19:48:22,525  INFO [main] NavBarTest:38 - Bus Hire was clicked
 2021-07-05 19:48:22,677  INFO [main] CommonAssertions:41 - Assertion Passes,  Actual: Bus Hire: Rent Volvo, AC buses, Mini Buses, Tempo Travellers & Innova Cars - Book Online,Expected: Bus Hire: Rent Volvo, AC buses, Mini Buses, Tempo Travellers & Innova Cars - Book Online
 2021-07-05 19:48:22,739  INFO [main] ExtentReport:50 - Report Generated
 2021-07-05 19:48:22,842  INFO [main] BaseClass:71 - ----------Browser Closed-----------
 2021-07-05 19:48:22,842  INFO [main] BaseClass:72 - -----------TEST RUN COMPLETED------------
 2021-07-05 19:48:22,843  INFO [main] BaseClass:33 - ---- Docker headless---
 2021-07-05 19:48:22,843  INFO [main] BrowserSetUp:136 - Browser open Docker in headless mode @- chrome
 2021-07-05 19:48:30,268  INFO [main] BaseClass:57 - ----------BROWSER OPENED-----------
 2021-07-05 19:48:30,269  INFO [main] BaseClass:58 - ----------NEW TEST CASE-----------
 2021-07-05 19:48:30,270  INFO [main] NavBarTest:48 - Valid Test: When User click on Bus Tickets on Nav Bar
 2021-07-05 19:48:35,913  INFO [main] NavBarTest:53 - Bus Ticket was clicked
 2021-07-05 19:48:36,892  INFO [main] CommonAssertions:63 - Assertion Passes,  Actual: Online Bus Tickets Booking: Book Bus Ticket and Bus Reservation -redBus India,Expected: Online Bus Tickets Booking: Book Bus Ticket and Bus Reservation -redBus India
 2021-07-05 19:48:37,177  INFO [main] ExtentReport:50 - Report Generated
 2021-07-05 19:48:37,340  INFO [main] BaseClass:71 - ----------Browser Closed-----------
 2021-07-05 19:48:37,341  INFO [main] BaseClass:72 - -----------TEST RUN COMPLETED------------
 2021-07-05 19:48:37,343  INFO [main] BaseClass:33 - ---- Docker headless---
 2021-07-05 19:48:37,344  INFO [main] BrowserSetUp:136 - Browser open Docker in headless mode @- chrome
 2021-07-05 19:48:43,865  INFO [main] BaseClass:57 - ----------BROWSER OPENED-----------
 2021-07-05 19:48:43,865  INFO [main] BaseClass:58 - ----------NEW TEST CASE-----------
 2021-07-05 19:48:43,866  INFO [main] NavBarTest:19 - Valid Test: When User click on RPool on Nav Bar
 2021-07-05 19:48:45,037  INFO [main] NavBarTest:24 - RPool was clicked
 2021-07-05 19:48:45,127  INFO [main] CommonAssertions:74 - Assertion Passes,  Actual: rPool - India’s new Carpool & Bikepool mobile app,Expected: rPool - India’s new Carpool & Bikepool mobile app
 2021-07-05 19:48:45,149  INFO [main] ExtentReport:50 - Report Generated
 2021-07-05 19:48:45,252  INFO [main] BaseClass:71 - ----------Browser Closed-----------
 2021-07-05 19:48:45,252  INFO [main] BaseClass:72 - -----------TEST RUN COMPLETED------------
 2021-07-05 19:48:45,254  INFO [main] BaseClass:33 - ---- Docker headless---
 2021-07-05 19:48:45,254  INFO [main] BrowserSetUp:136 - Browser open Docker in headless mode @- chrome
 2021-07-05 19:48:52,877  INFO [main] BaseClass:57 - ----------BROWSER OPENED-----------
 2021-07-05 19:48:52,878  INFO [main] BaseClass:58 - ----------NEW TEST CASE-----------
 2021-07-05 19:48:52,879  INFO [main] NavBarTest:63 - Valid Test: When User click on redBusLogo on Nav Bar
 2021-07-05 19:48:53,866  INFO [main] NavBarTest:68 - RedBusLogo was clicked
 2021-07-05 19:48:53,950  INFO [main] CommonAssertions:19 - Assertion Passes,  Actual: Book Bus Travels, AC Volvo Bus, rPool & Bus Hire - redBus India,Expected: Book Bus Travels, AC Volvo Bus, rPool & Bus Hire - redBus India
 2021-07-05 19:48:53,973  INFO [main] ExtentReport:50 - Report Generated
 2021-07-05 19:48:54,070  INFO [main] BaseClass:71 - ----------Browser Closed-----------
 2021-07-05 19:48:54,070  INFO [main] BaseClass:72 - -----------TEST RUN COMPLETED------------
 